Using pre-set license
Built from '6000.0/staging' branch; Version is '6000.0.40f1 (157d81624ddf) revision 1408385'; Using compiler version '193933523'; Build Type 'Release'
OS: 'Windows 11  (10.0.26100) 64bit Professional' Language: 'ko' Physical Memory: 32397 MB
BatchMode: 1, IsHumanControllingUs: 0, StartBugReporterOnCrash: 0, Is64bit: 1, IsPro: 1

COMMAND LINE ARGUMENTS:
C:\Program Files\Unity\Hub\Editor\6000.0.40f1\Editor\Unity.exe
-adb2
-batchMode
-noUpm
-name
AssetImportWorker0
-projectPath
C:/Users/asdgh/OneDrive/바탕 화면/Study/UnityStudy/TimeLineStudy
-logFile
Logs/AssetImportWorker0.log
-srvPort
62841
-job-worker-count
5
-background-job-worker-count
8
-gc-helper-count
1
Successfully changed project path to: C:/Users/asdgh/OneDrive/바탕 화면/Study/UnityStudy/TimeLineStudy
C:/Users/asdgh/OneDrive/바탕 화면/Study/UnityStudy/TimeLineStudy
[UnityMemory] Configuration Parameters - Can be set up in boot.config
    "memorysetup-bucket-allocator-granularity=16"
    "memorysetup-bucket-allocator-bucket-count=8"
    "memorysetup-bucket-allocator-block-size=33554432"
    "memorysetup-bucket-allocator-block-count=8"
    "memorysetup-main-allocator-block-size=16777216"
    "memorysetup-thread-allocator-block-size=16777216"
    "memorysetup-gfx-main-allocator-block-size=16777216"
    "memorysetup-gfx-thread-allocator-block-size=16777216"
    "memorysetup-cache-allocator-block-size=4194304"
    "memorysetup-typetree-allocator-block-size=2097152"
    "memorysetup-profiler-bucket-allocator-granularity=16"
    "memorysetup-profiler-bucket-allocator-bucket-count=8"
    "memorysetup-profiler-bucket-allocator-block-size=33554432"
    "memorysetup-profiler-bucket-allocator-block-count=8"
    "memorysetup-profiler-allocator-block-size=16777216"
    "memorysetup-profiler-editor-allocator-block-size=1048576"
    "memorysetup-temp-allocator-size-main=16777216"
    "memorysetup-job-temp-allocator-block-size=2097152"
    "memorysetup-job-temp-allocator-block-size-background=1048576"
    "memorysetup-job-temp-allocator-reduction-small-platforms=262144"
    "memorysetup-allocator-temp-initial-block-size-main=262144"
    "memorysetup-allocator-temp-initial-block-size-worker=262144"
    "memorysetup-temp-allocator-size-background-worker=32768"
    "memorysetup-temp-allocator-size-job-worker=262144"
    "memorysetup-temp-allocator-size-preload-manager=33554432"
    "memorysetup-temp-allocator-size-nav-mesh-worker=65536"
    "memorysetup-temp-allocator-size-audio-worker=65536"
    "memorysetup-temp-allocator-size-cloud-worker=32768"
    "memorysetup-temp-allocator-size-gi-baking-worker=262144"
    "memorysetup-temp-allocator-size-gi-baking-worker=262144"
    "memorysetup-temp-allocator-size-gi-baking-worker=262144"
    "memorysetup-temp-allocator-size-gi-baking-worker=262144"
    "memorysetup-temp-allocator-size-gi-baking-worker=262144"
    "memorysetup-temp-allocator-size-gfx=262144"
Player connection [19216]  Target information:

Player connection [19216]  * "[IP] 121.179.63.129 [Port] 0 [Flags] 2 [Guid] 769886700 [EditorId] 769886700 [Version] 1048832 [Id] WindowsEditor(7,SangWon) [Debug] 1 [PackageName] WindowsEditor [ProjectName] Editor" 

Player connection [19216] Host joined multi-casting on [225.0.0.222:54997]...
Player connection [19216] Host joined alternative multi-casting on [225.0.0.222:34997]...
JobSystem: Creating JobQueue using job-worker-count value 5
Input System module state changed to: Initialized.
[Physics::Module] Initialized fallback backend.
[Physics::Module] Id: 0xdecafbad
Library Redirect Path: Library/
[Physics::Module] Selected backend.
[Physics::Module] Name: PhysX
[Physics::Module] Id: 0xf2b8ea05
[Physics::Module] SDK Version: 4.1.2
[Physics::Module] Integration Version: 1.0.0
[Physics::Module] Threading Mode: Multi-Threaded
Refreshing native plugins compatible for Editor in 3.56 ms, found 4 plugins.
Preloading 0 native plugins for Editor in 0.00 ms.
Initialize engine version: 6000.0.40f1 (157d81624ddf)
[Subsystems] Discovering subsystems at path C:/Program Files/Unity/Hub/Editor/6000.0.40f1/Editor/Data/Resources/UnitySubsystems
[Subsystems] Discovering subsystems at path C:/Users/asdgh/OneDrive/바탕 화면/Study/UnityStudy/TimeLineStudy/Assets
GfxDevice: creating device client; kGfxThreadingModeNonThreaded
Direct3D:
    Version:  Direct3D 11.0 [level 11.1]
    Renderer: NVIDIA GeForce RTX 4060 Ti (ID=0x2803)
    Vendor:   NVIDIA
    VRAM:     7949 MB
    Driver:   32.0.15.6636
Initialize mono
Mono path[0] = 'C:/Program Files/Unity/Hub/Editor/6000.0.40f1/Editor/Data/Managed'
Mono path[1] = 'C:/Program Files/Unity/Hub/Editor/6000.0.40f1/Editor/Data/MonoBleedingEdge/lib/mono/unityjit-win32'
Mono config path = 'C:/Program Files/Unity/Hub/Editor/6000.0.40f1/Editor/Data/MonoBleedingEdge/etc'
Using monoOptions --debugger-agent=transport=dt_socket,embedding=1,server=y,suspend=n,address=127.0.0.1:56668
Begin MonoManager ReloadAssembly
Registering precompiled unity dll's ...
Register platform support module: C:/Program Files/Unity/Hub/Editor/6000.0.40f1/Editor/Data/PlaybackEngines/WebGLSupport/UnityEditor.WebGL.Extensions.dll
Register platform support module: C:/Program Files/Unity/Hub/Editor/6000.0.40f1/Editor/Data/PlaybackEngines/WindowsStandaloneSupport/UnityEditor.WindowsStandalone.Extensions.dll
Register platform support module: C:/Program Files/Unity/Hub/Editor/6000.0.40f1/Editor/Data/PlaybackEngines/MetroSupport/UnityEditor.UWP.Extensions.dll
Register platform support module: C:/Program Files/Unity/Hub/Editor/6000.0.40f1/Editor/Data/PlaybackEngines/AndroidPlayer/UnityEditor.Android.Extensions.dll
Registered in 0.006620 seconds.
- Loaded All Assemblies, in  0.399 seconds
Native extension for Android target not found
Android Extension - Scanning For ADB Devices 313 ms
Native extension for UWP target not found
Native extension for WindowsStandalone target not found
Native extension for WebGL target not found
Mono: successfully reloaded assembly
- Finished resetting the current domain, in  0.740 seconds
Domain Reload Profiling: 1136ms
	BeginReloadAssembly (143ms)
		ExecutionOrderSort (0ms)
		DisableScriptedObjects (0ms)
		BackupInstance (0ms)
		ReleaseScriptingObjects (0ms)
		CreateAndSetChildDomain (1ms)
	RebuildCommonClasses (38ms)
	RebuildNativeTypeToScriptingClass (11ms)
	initialDomainReloadingComplete (54ms)
	LoadAllAssembliesAndSetupDomain (150ms)
		LoadAssemblies (141ms)
		RebuildTransferFunctionScriptingTraits (0ms)
		AnalyzeDomain (145ms)
			TypeCache.Refresh (144ms)
				TypeCache.ScanAssembly (133ms)
			BuildScriptInfoCaches (0ms)
			ResolveRequiredComponents (0ms)
	FinalizeReload (741ms)
		ReleaseScriptCaches (0ms)
		RebuildScriptCaches (0ms)
		SetupLoadedEditorAssemblies (700ms)
			LogAssemblyErrors (0ms)
			InitializePlatformSupportModulesInManaged (389ms)
			SetLoadedEditorAssemblies (4ms)
			BeforeProcessingInitializeOnLoad (53ms)
			ProcessInitializeOnLoadAttributes (190ms)
			ProcessInitializeOnLoadMethodAttributes (63ms)
			AfterProcessingInitializeOnLoad (0ms)
			EditorAssembliesLoaded (0ms)
		ExecutionOrderSort2 (0ms)
		AwakeInstancesAfterBackupRestoration (0ms)
========================================================================
Worker process is ready to serve import requests
Import Worker Mode flag is 0x00
Begin MonoManager ReloadAssembly
- Loaded All Assemblies, in  0.985 seconds
Refreshing native plugins compatible for Editor in 2.19 ms, found 4 plugins.
Native extension for Android target not found
Native extension for UWP target not found
Native extension for WindowsStandalone target not found
Native extension for WebGL target not found
Mono: successfully reloaded assembly
- Finished resetting the current domain, in  0.650 seconds
Domain Reload Profiling: 1629ms
	BeginReloadAssembly (313ms)
		ExecutionOrderSort (0ms)
		DisableScriptedObjects (7ms)
		BackupInstance (0ms)
		ReleaseScriptingObjects (0ms)
		CreateAndSetChildDomain (152ms)
	RebuildCommonClasses (45ms)
	RebuildNativeTypeToScriptingClass (13ms)
	initialDomainReloadingComplete (45ms)
	LoadAllAssembliesAndSetupDomain (562ms)
		LoadAssemblies (441ms)
		RebuildTransferFunctionScriptingTraits (0ms)
		AnalyzeDomain (238ms)
			TypeCache.Refresh (181ms)
				TypeCache.ScanAssembly (163ms)
			BuildScriptInfoCaches (48ms)
			ResolveRequiredComponents (6ms)
	FinalizeReload (650ms)
		ReleaseScriptCaches (0ms)
		RebuildScriptCaches (0ms)
		SetupLoadedEditorAssemblies (534ms)
			LogAssemblyErrors (0ms)
			InitializePlatformSupportModulesInManaged (12ms)
			SetLoadedEditorAssemblies (4ms)
			BeforeProcessingInitializeOnLoad (105ms)
			ProcessInitializeOnLoadAttributes (360ms)
			ProcessInitializeOnLoadMethodAttributes (45ms)
			AfterProcessingInitializeOnLoad (6ms)
			EditorAssembliesLoaded (0ms)
		ExecutionOrderSort2 (0ms)
		AwakeInstancesAfterBackupRestoration (6ms)
Launched and connected shader compiler UnityShaderCompiler.exe after 0.01 seconds
Refreshing native plugins compatible for Editor in 2.22 ms, found 4 plugins.
Preloading 0 native plugins for Editor in 0.00 ms.
Unloading 14 Unused Serialized files (Serialized files now loaded: 0)
Unloading 4729 unused Assets / (1.6 MB). Loaded Objects now: 5205.
Memory consumption went from 92.1 MB to 90.5 MB.
Total: 8.120800 ms (FindLiveObjects: 0.654400 ms CreateObjectMapping: 0.690700 ms MarkObjects: 5.232200 ms  DeleteObjects: 1.542000 ms)

========================================================================
Received Import Request.
  Time since last request: 23166.542148 seconds.
  path: Assets/InputSystem_Actions.inputactions
  artifactKey: Guid(3590b91b4603b465dbb4216d601bff33) Importer(815301076,1909f56bfc062723c751e8b465ee728b)
Start importing Assets/InputSystem_Actions.inputactions using Guid(3590b91b4603b465dbb4216d601bff33) Importer(815301076,1909f56bfc062723c751e8b465ee728b) (PreviewImporter) -> (artifact id: '52978deca89b5547bfe7f2cc0d175ccc') in 0.0232739 seconds
Number of updated asset objects reloaded before import = 0Number of asset objects unloaded after import = 19

========================================================================
Received Import Request.
  Time since last request: 58.076635 seconds.
  path: Assets/oak_woods_v1.0
  artifactKey: Guid(38cae8edde45cf44b9a7efcde760a4e6) Importer(815301076,1909f56bfc062723c751e8b465ee728b)
Start importing Assets/oak_woods_v1.0 using Guid(38cae8edde45cf44b9a7efcde760a4e6) Importer(815301076,1909f56bfc062723c751e8b465ee728b) (PreviewImporter) -> (artifact id: '316b0a8ddd5be6d794e4125b87af4454') in 0.0004865 seconds
Number of updated asset objects reloaded before import = 0Number of asset objects unloaded after import = 0

========================================================================
Received Import Request.
  Time since last request: 0.035857 seconds.
  path: Assets/oak_woods_v1.0/oak_woods_tileset.png
  artifactKey: Guid(b3eeef258c990a942910b3645a8b9652) Importer(815301076,1909f56bfc062723c751e8b465ee728b)
Start importing Assets/oak_woods_v1.0/oak_woods_tileset.png using Guid(b3eeef258c990a942910b3645a8b9652) Importer(815301076,1909f56bfc062723c751e8b465ee728b) (PreviewImporter) -> (artifact id: '965d25cfe2aade69cf197586e51138bb') in 0.1249067 seconds
Number of updated asset objects reloaded before import = 0Number of asset objects unloaded after import = 25

========================================================================
Received Import Request.
  Time since last request: 148.856262 seconds.
  path: Assets/oak_woods_v1.0/background
  artifactKey: Guid(13911192a03eb5e4b9641e4ad587bf3b) Importer(815301076,1909f56bfc062723c751e8b465ee728b)
Start importing Assets/oak_woods_v1.0/background using Guid(13911192a03eb5e4b9641e4ad587bf3b) Importer(815301076,1909f56bfc062723c751e8b465ee728b) (PreviewImporter) -> (artifact id: '91dcbc0d27fc5d096701d4515b0a4a2f') in 0.0005185 seconds
Number of updated asset objects reloaded before import = 0Number of asset objects unloaded after import = 0

========================================================================
Received Import Request.
  Time since last request: 0.035157 seconds.
  path: Assets/oak_woods_v1.0/background/background_layer_1.png
  artifactKey: Guid(a8c81b9e3e616bd4eb1aefeb457e26ea) Importer(815301076,1909f56bfc062723c751e8b465ee728b)
Start importing Assets/oak_woods_v1.0/background/background_layer_1.png using Guid(a8c81b9e3e616bd4eb1aefeb457e26ea) Importer(815301076,1909f56bfc062723c751e8b465ee728b) (PreviewImporter) -> (artifact id: '50303e05a8a7f261029f8f5515785309') in 0.0170623 seconds
Number of updated asset objects reloaded before import = 0Number of asset objects unloaded after import = 3

========================================================================
Received Import Request.
  Time since last request: 0.000017 seconds.
  path: Assets/oak_woods_v1.0/background/background_layer_3.png
  artifactKey: Guid(56e758f7ec1016e49b771b8096441ae5) Importer(815301076,1909f56bfc062723c751e8b465ee728b)
Start importing Assets/oak_woods_v1.0/background/background_layer_3.png using Guid(56e758f7ec1016e49b771b8096441ae5) Importer(815301076,1909f56bfc062723c751e8b465ee728b) (PreviewImporter) -> (artifact id: '2f0b6600f3ae6d84ff31bf8c95595849') in 0.0158695 seconds
Number of updated asset objects reloaded before import = 0Number of asset objects unloaded after import = 3

========================================================================
Received Import Request.
  Time since last request: 26.199520 seconds.
  path: Assets/oak_woods_v1.0/character
  artifactKey: Guid(8ed1806417a791441ba28ae498dbcf97) Importer(815301076,1909f56bfc062723c751e8b465ee728b)
Start importing Assets/oak_woods_v1.0/character using Guid(8ed1806417a791441ba28ae498dbcf97) Importer(815301076,1909f56bfc062723c751e8b465ee728b) (PreviewImporter) -> (artifact id: '949d5983456f577263e0faafeeb80b40') in 0.0005114 seconds
Number of updated asset objects reloaded before import = 0Number of asset objects unloaded after import = 0

========================================================================
Received Import Request.
  Time since last request: 0.060353 seconds.
  path: Assets/oak_woods_v1.0/character/char_blue.png
  artifactKey: Guid(d69bacf895c53b8408899cae2b0a93e6) Importer(815301076,1909f56bfc062723c751e8b465ee728b)
Start importing Assets/oak_woods_v1.0/character/char_blue.png using Guid(d69bacf895c53b8408899cae2b0a93e6) Importer(815301076,1909f56bfc062723c751e8b465ee728b) (PreviewImporter) -> (artifact id: 'b3c85423b193198a2af64ddf13cf6f9e') in 0.1336621 seconds
Number of updated asset objects reloaded before import = 0Number of asset objects unloaded after import = 56

========================================================================
Received Import Request.
  Time since last request: 616.654081 seconds.
  path: Assets/oak_woods_v1.0/TimeLine.playable
  artifactKey: Guid(42e416ebeaf7b364da4042031df829c1) Importer(815301076,1909f56bfc062723c751e8b465ee728b)
Start importing Assets/oak_woods_v1.0/TimeLine.playable using Guid(42e416ebeaf7b364da4042031df829c1) Importer(815301076,1909f56bfc062723c751e8b465ee728b) (PreviewImporter) -> (artifact id: '7e9825a2c5bf458b4ea4e49fa76b25bd') in 0.0025979 seconds
Number of updated asset objects reloaded before import = 0Number of asset objects unloaded after import = 1

========================================================================
Received Import Request.
  Time since last request: 226.782007 seconds.
  path: Assets/oak_woods_v1.0/background/background_layer_1.png
  artifactKey: Guid(a8c81b9e3e616bd4eb1aefeb457e26ea) Importer(815301076,1909f56bfc062723c751e8b465ee728b)
Start importing Assets/oak_woods_v1.0/background/background_layer_1.png using Guid(a8c81b9e3e616bd4eb1aefeb457e26ea) Importer(815301076,1909f56bfc062723c751e8b465ee728b) (PreviewImporter) -> (artifact id: 'df6b53be4e12a50eb3e0a656ffe4203b') in 0.0131867 seconds
Number of updated asset objects reloaded before import = 0Number of asset objects unloaded after import = 3

========================================================================
Received Import Request.
  Time since last request: 137.145211 seconds.
  path: Assets/oak_woods_v1.0/Tileset
  artifactKey: Guid(383a0e785dc244d4c88ea9ac8fa91b26) Importer(815301076,1909f56bfc062723c751e8b465ee728b)
Start importing Assets/oak_woods_v1.0/Tileset using Guid(383a0e785dc244d4c88ea9ac8fa91b26) Importer(815301076,1909f56bfc062723c751e8b465ee728b) (PreviewImporter) -> (artifact id: '352f6d83e4d08df9d506c6c80fbd01d1') in 0.0004764 seconds
Number of updated asset objects reloaded before import = 0Number of asset objects unloaded after import = 0

========================================================================
Received Import Request.
  Time since last request: 13.077659 seconds.
  path: Assets/oak_woods_v1.0/oak_woods_tileset.png
  artifactKey: Guid(b3eeef258c990a942910b3645a8b9652) Importer(815301076,1909f56bfc062723c751e8b465ee728b)
Start importing Assets/oak_woods_v1.0/oak_woods_tileset.png using Guid(b3eeef258c990a942910b3645a8b9652) Importer(815301076,1909f56bfc062723c751e8b465ee728b) (PreviewImporter) -> (artifact id: 'cffa557813e8e04fad3bec4a57ecdc7a') in 0.0425386 seconds
Number of updated asset objects reloaded before import = 0Number of asset objects unloaded after import = 25

========================================================================
Received Import Request.
  Time since last request: 33.480912 seconds.
  path: Assets/oak_woods_v1.0/oak_woods_tileset.png
  artifactKey: Guid(b3eeef258c990a942910b3645a8b9652) Importer(815301076,1909f56bfc062723c751e8b465ee728b)
Start importing Assets/oak_woods_v1.0/oak_woods_tileset.png using Guid(b3eeef258c990a942910b3645a8b9652) Importer(815301076,1909f56bfc062723c751e8b465ee728b) (PreviewImporter) -> (artifact id: 'af382bb781e1fa71501e5677e936befe') in 0.1687712 seconds
Number of updated asset objects reloaded before import = 0Number of asset objects unloaded after import = 154

========================================================================
Received Import Request.
  Time since last request: 601.709756 seconds.
  path: Assets/oak_woods_v1.0/FREE_Samurai 2D Pixel Art v1.2
  artifactKey: Guid(d37ed57fa73eeb44a88fa69874918601) Importer(815301076,1909f56bfc062723c751e8b465ee728b)
Start importing Assets/oak_woods_v1.0/FREE_Samurai 2D Pixel Art v1.2 using Guid(d37ed57fa73eeb44a88fa69874918601) Importer(815301076,1909f56bfc062723c751e8b465ee728b) (PreviewImporter) -> (artifact id: 'fc2c91b6b4b2c196edc38230ec3f0e52') in 0.000719 seconds
Number of updated asset objects reloaded before import = 0Number of asset objects unloaded after import = 0

========================================================================
Received Import Request.
  Time since last request: 0.046151 seconds.
  path: Assets/oak_woods_v1.0/FREE_Samurai 2D Pixel Art v1.2/Preview.png
  artifactKey: Guid(0219d5bd12d2f84488a97dc9157c1bc0) Importer(815301076,1909f56bfc062723c751e8b465ee728b)
Start importing Assets/oak_woods_v1.0/FREE_Samurai 2D Pixel Art v1.2/Preview.png using Guid(0219d5bd12d2f84488a97dc9157c1bc0) Importer(815301076,1909f56bfc062723c751e8b465ee728b) (PreviewImporter) -> (artifact id: 'cb312da0bc14887defb2547df614b47d') in 0.0178642 seconds
Number of updated asset objects reloaded before import = 0Number of asset objects unloaded after import = 3

========================================================================
Received Import Request.
  Time since last request: 2.998175 seconds.
  path: Assets/oak_woods_v1.0/FREE_Samurai 2D Pixel Art v1.2/Sprites
  artifactKey: Guid(df8f35f611e99c145ad351590bc83e77) Importer(815301076,1909f56bfc062723c751e8b465ee728b)
Start importing Assets/oak_woods_v1.0/FREE_Samurai 2D Pixel Art v1.2/Sprites using Guid(df8f35f611e99c145ad351590bc83e77) Importer(815301076,1909f56bfc062723c751e8b465ee728b) (PreviewImporter) -> (artifact id: '794b5e146b871e6fdfb9157365906712') in 0.0005131 seconds
Number of updated asset objects reloaded before import = 0Number of asset objects unloaded after import = 0

========================================================================
Received Import Request.
  Time since last request: 0.081029 seconds.
  path: Assets/oak_woods_v1.0/FREE_Samurai 2D Pixel Art v1.2/Sprites/ATTACK 1.png
  artifactKey: Guid(07ce3dc73334ac44ea5b7f7f5596e369) Importer(815301076,1909f56bfc062723c751e8b465ee728b)
Start importing Assets/oak_woods_v1.0/FREE_Samurai 2D Pixel Art v1.2/Sprites/ATTACK 1.png using Guid(07ce3dc73334ac44ea5b7f7f5596e369) Importer(815301076,1909f56bfc062723c751e8b465ee728b) (PreviewImporter) -> (artifact id: 'fbb42e2eca6fbbbf5d5cd3e3f85a26e3') in 0.029241 seconds
Number of updated asset objects reloaded before import = 0Number of asset objects unloaded after import = 9

========================================================================
Received Import Request.
  Time since last request: 0.000042 seconds.
  path: Assets/oak_woods_v1.0/FREE_Samurai 2D Pixel Art v1.2/Sprites/RUN.png
  artifactKey: Guid(7caa60ca551a192448c707dc5a2aeb60) Importer(815301076,1909f56bfc062723c751e8b465ee728b)
Start importing Assets/oak_woods_v1.0/FREE_Samurai 2D Pixel Art v1.2/Sprites/RUN.png using Guid(7caa60ca551a192448c707dc5a2aeb60) Importer(815301076,1909f56bfc062723c751e8b465ee728b) (PreviewImporter) -> (artifact id: 'b40bbe5aa7fe5f5e0e69a886cb637f32') in 0.0486658 seconds
Number of updated asset objects reloaded before import = 0Number of asset objects unloaded after import = 18

========================================================================
Received Import Request.
  Time since last request: 8.388703 seconds.
  path: Assets/oak_woods_v1.0/FREE_Samurai 2D Pixel Art v1.2/Sprites/RUN.png
  artifactKey: Guid(7caa60ca551a192448c707dc5a2aeb60) Importer(815301076,1909f56bfc062723c751e8b465ee728b)
Start importing Assets/oak_woods_v1.0/FREE_Samurai 2D Pixel Art v1.2/Sprites/RUN.png using Guid(7caa60ca551a192448c707dc5a2aeb60) Importer(815301076,1909f56bfc062723c751e8b465ee728b) (PreviewImporter) -> (artifact id: 'd0535299aacbde034c634b9abd799000') in 0.0310585 seconds
Number of updated asset objects reloaded before import = 0Number of asset objects unloaded after import = 18

========================================================================
Received Import Request.
  Time since last request: 0.000018 seconds.
  path: Assets/oak_woods_v1.0/FREE_Samurai 2D Pixel Art v1.2/Sprites/IDLE.png
  artifactKey: Guid(840a62ed4408d1f4993889a451158002) Importer(815301076,1909f56bfc062723c751e8b465ee728b)
Start importing Assets/oak_woods_v1.0/FREE_Samurai 2D Pixel Art v1.2/Sprites/IDLE.png using Guid(840a62ed4408d1f4993889a451158002) Importer(815301076,1909f56bfc062723c751e8b465ee728b) (PreviewImporter) -> (artifact id: '22b81371c23c5ae5119006b0000eb14c') in 0.0279077 seconds
Number of updated asset objects reloaded before import = 0Number of asset objects unloaded after import = 12

========================================================================
Received Import Request.
  Time since last request: 28.062957 seconds.
  path: Assets/oak_woods_v1.0/FREE_Samurai 2D Pixel Art v1.2/Sprites/ATTACK 1.png
  artifactKey: Guid(07ce3dc73334ac44ea5b7f7f5596e369) Importer(815301076,1909f56bfc062723c751e8b465ee728b)
Start importing Assets/oak_woods_v1.0/FREE_Samurai 2D Pixel Art v1.2/Sprites/ATTACK 1.png using Guid(07ce3dc73334ac44ea5b7f7f5596e369) Importer(815301076,1909f56bfc062723c751e8b465ee728b) (PreviewImporter) -> (artifact id: '71f3be04539eba70681de7086d51ad2c') in 0.0215961 seconds
Number of updated asset objects reloaded before import = 0Number of asset objects unloaded after import = 9

========================================================================
Received Import Request.
  Time since last request: 23.827665 seconds.
  path: Assets/oak_woods_v1.0/FREE_Samurai 2D Pixel Art v1.2/Sprites/HURT.png
  artifactKey: Guid(2c772e16cbfb6c6409af0259ab670d76) Importer(815301076,1909f56bfc062723c751e8b465ee728b)
Start importing Assets/oak_woods_v1.0/FREE_Samurai 2D Pixel Art v1.2/Sprites/HURT.png using Guid(2c772e16cbfb6c6409af0259ab670d76) Importer(815301076,1909f56bfc062723c751e8b465ee728b) (PreviewImporter) -> (artifact id: '169ac3accf64c96503fa46099159d429') in 0.0163222 seconds
Number of updated asset objects reloaded before import = 0Number of asset objects unloaded after import = 6

========================================================================
Received Import Request.
  Time since last request: 12.163270 seconds.
  path: Assets/oak_woods_v1.0/FREE_Samurai 2D Pixel Art v1.2/Sprites/IDLE.png
  artifactKey: Guid(840a62ed4408d1f4993889a451158002) Importer(815301076,1909f56bfc062723c751e8b465ee728b)
Start importing Assets/oak_woods_v1.0/FREE_Samurai 2D Pixel Art v1.2/Sprites/IDLE.png using Guid(840a62ed4408d1f4993889a451158002) Importer(815301076,1909f56bfc062723c751e8b465ee728b) (PreviewImporter) -> (artifact id: '2545a6e0907143a78444635386269de3') in 0.0257688 seconds
Number of updated asset objects reloaded before import = 0Number of asset objects unloaded after import = 12

========================================================================
Received Import Request.
  Time since last request: 17.326325 seconds.
  path: Assets/oak_woods_v1.0/FREE_Samurai 2D Pixel Art v1.2/Sprites/RUN.png
  artifactKey: Guid(7caa60ca551a192448c707dc5a2aeb60) Importer(815301076,1909f56bfc062723c751e8b465ee728b)
Start importing Assets/oak_woods_v1.0/FREE_Samurai 2D Pixel Art v1.2/Sprites/RUN.png using Guid(7caa60ca551a192448c707dc5a2aeb60) Importer(815301076,1909f56bfc062723c751e8b465ee728b) (PreviewImporter) -> (artifact id: '4a9e4b60f673dd81b868b43f5ca7a592') in 0.0301597 seconds
Number of updated asset objects reloaded before import = 0Number of asset objects unloaded after import = 18

========================================================================
Received Import Request.
  Time since last request: 9.859027 seconds.
  path: Assets/oak_woods_v1.0/FREE_Samurai 2D Pixel Art v1.2/Sprites/ATTACK 1.png
  artifactKey: Guid(07ce3dc73334ac44ea5b7f7f5596e369) Importer(815301076,1909f56bfc062723c751e8b465ee728b)
Start importing Assets/oak_woods_v1.0/FREE_Samurai 2D Pixel Art v1.2/Sprites/ATTACK 1.png using Guid(07ce3dc73334ac44ea5b7f7f5596e369) Importer(815301076,1909f56bfc062723c751e8b465ee728b) (PreviewImporter) -> (artifact id: '968d68fc4844ce6748a6d291ec1c6b76') in 0.0191513 seconds
Number of updated asset objects reloaded before import = 0Number of asset objects unloaded after import = 9

========================================================================
Received Import Request.
  Time since last request: 2.618033 seconds.
  path: Assets/oak_woods_v1.0/FREE_Samurai 2D Pixel Art v1.2/Sprites/HURT.png
  artifactKey: Guid(2c772e16cbfb6c6409af0259ab670d76) Importer(815301076,1909f56bfc062723c751e8b465ee728b)
Start importing Assets/oak_woods_v1.0/FREE_Samurai 2D Pixel Art v1.2/Sprites/HURT.png using Guid(2c772e16cbfb6c6409af0259ab670d76) Importer(815301076,1909f56bfc062723c751e8b465ee728b) (PreviewImporter) -> (artifact id: '59b9c77fcf488d781a08bde73ad235a4') in 0.0110566 seconds
Number of updated asset objects reloaded before import = 0Number of asset objects unloaded after import = 6

========================================================================
Received Import Request.
  Time since last request: 2.518717 seconds.
  path: Assets/oak_woods_v1.0/FREE_Samurai 2D Pixel Art v1.2/Sprites/IDLE.png
  artifactKey: Guid(840a62ed4408d1f4993889a451158002) Importer(815301076,1909f56bfc062723c751e8b465ee728b)
Start importing Assets/oak_woods_v1.0/FREE_Samurai 2D Pixel Art v1.2/Sprites/IDLE.png using Guid(840a62ed4408d1f4993889a451158002) Importer(815301076,1909f56bfc062723c751e8b465ee728b) (PreviewImporter) -> (artifact id: '9eea29d8eb4f9cc15cf97a2a27afcadd') in 0.021854 seconds
Number of updated asset objects reloaded before import = 0Number of asset objects unloaded after import = 12

========================================================================
Received Import Request.
  Time since last request: 2.271255 seconds.
  path: Assets/oak_woods_v1.0/FREE_Samurai 2D Pixel Art v1.2/Sprites/RUN.png
  artifactKey: Guid(7caa60ca551a192448c707dc5a2aeb60) Importer(815301076,1909f56bfc062723c751e8b465ee728b)
Start importing Assets/oak_woods_v1.0/FREE_Samurai 2D Pixel Art v1.2/Sprites/RUN.png using Guid(7caa60ca551a192448c707dc5a2aeb60) Importer(815301076,1909f56bfc062723c751e8b465ee728b) (PreviewImporter) -> (artifact id: 'a774b058452691e0be3fcbb36e0b3123') in 0.031819 seconds
Number of updated asset objects reloaded before import = 0Number of asset objects unloaded after import = 18

